PropIQ starting at Mon 04/27/2026 21:07:30.19 
PropIQ finished at Mon 04/27/2026 21:07:30.19 
PropIQ starting at Mon 04/27/2026 21:10:32.77 
PropIQ finished at Mon 04/27/2026 21:10:32.77 
PropIQ starting at Mon 04/27/2026 21:10:40.10 
PropIQ finished at Mon 04/27/2026 21:10:40.11 
PropIQ starting at Mon 04/27/2026 21:17:05.41 
PropIQ finished at Mon 04/27/2026 21:17:05.41 
PropIQ starting at Mon 04/27/2026 21:17:10.09 
PropIQ finished at Mon 04/27/2026 21:17:10.09 
PropIQ starting at Mon 04/27/2026 21:22:46.62 
The email message was sent successfully.
Start email sent.

========================================
STEP 1: Running Compiled_daily_run.R...
========================================
── Attaching core tidyverse packages ──────────────────────── tidyverse 2.0.0 ──
✔ dplyr     1.2.0     ✔ readr     2.2.0
✔ forcats   1.0.1     ✔ stringr   1.6.0
✔ ggplot2   4.0.2     ✔ tibble    3.3.1
✔ lubridate 1.9.5     ✔ tidyr     1.3.2
✔ purrr     1.2.1     
── Conflicts ────────────────────────────────────────── tidyverse_conflicts() ──
✖ dplyr::filter() masks stats::filter()
✖ dplyr::lag()    masks stats::lag()
ℹ Use the conflicted package (<http://conflicted.r-lib.org/>) to force all conflicts to become errors

Attaching package: 'rvest'

The following object is masked from 'package:readr':

    guess_encoding

Loading required package: lattice

Attaching package: 'caret'

The following object is masked from 'package:purrr':

    lift


Attaching package: 'gridExtra'

The following object is masked from 'package:dplyr':

    combine

Linking to ImageMagick 6.9.13.29
Enabled features: cairo, freetype, fftw, ghostscript, heic, lcms, pango, raw, rsvg, webp
Disabled features: fontconfig, x11
Registered S3 method overwritten by 'quantmod':
  method            from
  as.zoo.data.frame zoo 
Highcharts (www.highcharts.com) is a Highsoft software product which is
not free for commercial and Governmental use
Registering fonts with R

Attaching package: 'cowplot'

The following object is masked from 'package:ggpubr':

    get_legend

The following object is masked from 'package:lubridate':

    stamp

Registered S3 methods overwritten by 'fmsb':
  method    from
  print.roc pROC
  plot.roc  pROC

Attaching package: 'bslib'

The following object is masked from 'package:broom':

    bootstrap

The following object is masked from 'package:utils':

    page


Attaching package: 'plotly'

The following object is masked from 'package:formattable':

    style

The following object is masked from 'package:ggplot2':

    last_plot

The following object is masked from 'package:blastula':

    add_image

The following object is masked from 'package:stats':

    filter

The following object is masked from 'package:graphics':

    layout

ggbreak v0.1.7 Learn more at https://yulab-smu.top/


If you use ggbreak in published research, please cite the following
paper:

S Xu, M Chen, T Feng, L Zhan, L Zhou, G Yu. Use ggbreak to effectively
utilize plotting space to deal with large datasets and outliers.
Frontiers in Genetics. 2021, 12:774846. doi: 10.3389/fgene.2021.774846

Attaching package: 'hoopR'

The following object is masked from 'package:nbastatR':

    nba_teams


Attaching package: 'crosstalk'

The following object is masked from 'package:shiny':

    getDefaultReactiveDomain


Attaching package: 'httr'

The following object is masked from 'package:plotly':

    config

The following object is masked from 'package:caret':

    progress


Attaching package: 'jsonlite'

The following object is masked from 'package:shiny':

    validate

The following object is masked from 'package:purrr':

    flatten


Attaching package: 'progressr'

The following object is masked from 'package:httr':

    progress

The following object is masked from 'package:caret':

    progress


Attaching package: 'arrow'

The following object is masked from 'package:plotly':

    schema

The following object is masked from 'package:lubridate':

    duration

The following object is masked from 'package:utils':

    timestamp


Attaching package: 'future'

The following object is masked from 'package:caret':

    cluster

The email message was sent successfully.
Start notification email sent.
Fetching roster for team_id: 1610612737
Fetching roster for team_id: 1610612738
Fetching roster for team_id: 1610612739
Fetching roster for team_id: 1610612740
Fetching roster for team_id: 1610612741
Fetching roster for team_id: 1610612742
Fetching roster for team_id: 1610612743
Fetching roster for team_id: 1610612744
Fetching roster for team_id: 1610612745
Fetching roster for team_id: 1610612746
Fetching roster for team_id: 1610612747
Fetching roster for team_id: 1610612748
Fetching roster for team_id: 1610612749
Fetching roster for team_id: 1610612750
Fetching roster for team_id: 1610612751
Fetching roster for team_id: 1610612752
Fetching roster for team_id: 1610612753
Fetching roster for team_id: 1610612754
Fetching roster for team_id: 1610612755
Fetching roster for team_id: 1610612756
Fetching roster for team_id: 1610612757
Fetching roster for team_id: 1610612758
Fetching roster for team_id: 1610612759
Fetching roster for team_id: 1610612760
Fetching roster for team_id: 1610612761
Fetching roster for team_id: 1610612762
Fetching roster for team_id: 1610612763
Fetching roster for team_id: 1610612764
Fetching roster for team_id: 1610612765
Fetching roster for team_id: 1610612766
Acquiring NBA basic team game logs for the 2024-25 Regular Season
Acquiring NBA basic team game logs for the 2024-25 Playoffs
Acquiring NBA basic team game logs for the 2025-26 Regular Season
Acquiring NBA basic team game logs for the 2025-26 Playoffs
Acquiring NBA basic player game logs for the 2024-25 Regular Season
New names:
• `` -> `...1`
• `` -> `...2`
• `` -> `...3`
• `` -> `...4`
• `` -> `...5`
• `` -> `...6`
• `` -> `...7`
Acquiring NBA basic player game logs for the 2024-25 Playoffs
Acquiring NBA basic player game logs for the 2025-26 Regular Season
Acquiring NBA basic player game logs for the 2025-26 Playoffs
Regular season active: FALSE
Regular season complete — switching to playoff schedule...
Unexpected column count (7) for was — skipping
Unexpected column count (7) for utah — skipping
Unexpected column count (7) for sac — skipping
Unexpected column count (7) for no — skipping
Unexpected column count (7) for mil — skipping
Unexpected column count (7) for mia — skipping
Unexpected column count (7) for mem — skipping
Unexpected column count (7) for lac — skipping
Unexpected column count (7) for ind — skipping
Unexpected column count (7) for gsw — skipping
Unexpected column count (7) for dal — skipping
Unexpected column count (7) for chi — skipping
Unexpected column count (7) for cha — skipping
Unexpected column count (7) for bkn — skipping
Playoff schedule loaded — 106 rows
Player opponent lookup:
# A tibble: 106 × 22
   TeamID     SEASON LeagueID player  NICKNAME PLAYER_SLUG NUM   POSITION HEIGHT
   <chr>      <chr>  <chr>    <chr>   <chr>    <chr>       <chr> <chr>    <chr> 
 1 1610612743 2025   00       Christ… Christi… christian-… 0     G        6-6   
 2 1610612743 2025   00       Curtis… Curtis   curtis-jon… 1     G        6-3   
 3 1610612743 2025   00       Julian… Julian   julian-str… 3     G        6-6   
 4 1610612743 2025   00       Tyus J… Tyus     tyus-jones  5     G        6-0   
 5 1610612743 2025   00       Peyton… Peyton   peyton-wat… 8     G        6-8   
 6 1610612743 2025   00       Tim Ha… Tim      tim-hardaw… 10    G-F      6-5   
 7 1610612743 2025   00       Bruce … Bruce    bruce-brown 11    G-F      6-4   
 8 1610612743 2025   00       DaRon … DaRon    daron-holm… 14    F        6-9   
 9 1610612743 2025   00       Nikola… Nikola   nikola-jok… 15    C        6-11  
10 1610612743 2025   00       Jonas … Jonas    jonas-vala… 17    C        6-11  
# ℹ 96 more rows
# ℹ 13 more variables: WEIGHT <chr>, BIRTH_DATE <chr>, AGE <chr>, EXP <chr>,
#   SCHOOL <chr>, PLAYER_ID <chr>, HOW_ACQUIRED <chr>, team_id <chr>,
#   team_abbreviation <chr>, opponent_abbrev <chr>, opponent_name.x <chr>,
#   type_label <chr>, opponent_name.y <chr>
Launching cluster with 10 workers...
The email message was sent successfully.
❌ Pipeline failed after 1.7 minutes.
Error: invalid connection
Error in summary.connection(connection) : invalid connection
Calls: tryCatch -> tryCatchList -> tryCatchOne -> <Anonymous>
In addition: There were 21 warnings (use warnings() to see them)
Execution halted
PropIQ finished at Mon 04/27/2026 21:24:35.50 
PropIQ starting at Mon 04/27/2026 21:33:46.20 
The email message was sent successfully.
Start email sent.

========================================
STEP 1: Running Compiled_daily_run.R...
========================================
── Attaching core tidyverse packages ──────────────────────── tidyverse 2.0.0 ──
✔ dplyr     1.2.0     ✔ readr     2.2.0
✔ forcats   1.0.1     ✔ stringr   1.6.0
✔ ggplot2   4.0.2     ✔ tibble    3.3.1
✔ lubridate 1.9.5     ✔ tidyr     1.3.2
✔ purrr     1.2.1     
── Conflicts ────────────────────────────────────────── tidyverse_conflicts() ──
✖ dplyr::filter() masks stats::filter()
✖ dplyr::lag()    masks stats::lag()
ℹ Use the conflicted package (<http://conflicted.r-lib.org/>) to force all conflicts to become errors

Attaching package: 'rvest'

The following object is masked from 'package:readr':

    guess_encoding

Loading required package: lattice

Attaching package: 'caret'

The following object is masked from 'package:purrr':

    lift


Attaching package: 'gridExtra'

The following object is masked from 'package:dplyr':

    combine

Linking to ImageMagick 6.9.13.29
Enabled features: cairo, freetype, fftw, ghostscript, heic, lcms, pango, raw, rsvg, webp
Disabled features: fontconfig, x11
Registered S3 method overwritten by 'quantmod':
  method            from
  as.zoo.data.frame zoo 
Highcharts (www.highcharts.com) is a Highsoft software product which is
not free for commercial and Governmental use
Registering fonts with R

Attaching package: 'cowplot'

The following object is masked from 'package:ggpubr':

    get_legend

The following object is masked from 'package:lubridate':

    stamp

Registered S3 methods overwritten by 'fmsb':
  method    from
  print.roc pROC
  plot.roc  pROC

Attaching package: 'bslib'

The following object is masked from 'package:broom':

    bootstrap

The following object is masked from 'package:utils':

    page


Attaching package: 'plotly'

The following object is masked from 'package:formattable':

    style

The following object is masked from 'package:ggplot2':

    last_plot

The following object is masked from 'package:blastula':

    add_image

The following object is masked from 'package:stats':

    filter

The following object is masked from 'package:graphics':

    layout

ggbreak v0.1.7 Learn more at https://yulab-smu.top/


If you use ggbreak in published research, please cite the following
paper:

S Xu, M Chen, T Feng, L Zhan, L Zhou, G Yu. Use ggbreak to effectively
utilize plotting space to deal with large datasets and outliers.
Frontiers in Genetics. 2021, 12:774846. doi: 10.3389/fgene.2021.774846

Attaching package: 'hoopR'

The following object is masked from 'package:nbastatR':

    nba_teams


Attaching package: 'crosstalk'

The following object is masked from 'package:shiny':

    getDefaultReactiveDomain


Attaching package: 'httr'

The following object is masked from 'package:plotly':

    config

The following object is masked from 'package:caret':

    progress


Attaching package: 'jsonlite'

The following object is masked from 'package:shiny':

    validate

The following object is masked from 'package:purrr':

    flatten


Attaching package: 'progressr'

The following object is masked from 'package:httr':

    progress

The following object is masked from 'package:caret':

    progress


Attaching package: 'arrow'

The following object is masked from 'package:plotly':

    schema

The following object is masked from 'package:lubridate':

    duration

The following object is masked from 'package:utils':

    timestamp


Attaching package: 'future'

The following object is masked from 'package:caret':

    cluster

Fetching roster for team_id: 1610612737
Fetching roster for team_id: 1610612738
Fetching roster for team_id: 1610612739
Fetching roster for team_id: 1610612740
Fetching roster for team_id: 1610612741
Fetching roster for team_id: 1610612742
Fetching roster for team_id: 1610612743
Fetching roster for team_id: 1610612744
Fetching roster for team_id: 1610612745
Fetching roster for team_id: 1610612746
Fetching roster for team_id: 1610612747
Fetching roster for team_id: 1610612748
Fetching roster for team_id: 1610612749
Fetching roster for team_id: 1610612750
Fetching roster for team_id: 1610612751
Fetching roster for team_id: 1610612752
Fetching roster for team_id: 1610612753
Fetching roster for team_id: 1610612754
Fetching roster for team_id: 1610612755
Fetching roster for team_id: 1610612756
Fetching roster for team_id: 1610612757
Fetching roster for team_id: 1610612758
Fetching roster for team_id: 1610612759
Fetching roster for team_id: 1610612760
Fetching roster for team_id: 1610612761
Fetching roster for team_id: 1610612762
Fetching roster for team_id: 1610612763
Fetching roster for team_id: 1610612764
Fetching roster for team_id: 1610612765
Fetching roster for team_id: 1610612766
Acquiring NBA basic team game logs for the 2024-25 Regular Season
Acquiring NBA basic team game logs for the 2024-25 Playoffs
Acquiring NBA basic team game logs for the 2025-26 Regular Season
Acquiring NBA basic team game logs for the 2025-26 Playoffs
Acquiring NBA basic player game logs for the 2024-25 Regular Season
New names:
• `` -> `...1`
• `` -> `...2`
• `` -> `...3`
• `` -> `...4`
• `` -> `...5`
• `` -> `...6`
• `` -> `...7`
Acquiring NBA basic player game logs for the 2024-25 Playoffs
Acquiring NBA basic player game logs for the 2025-26 Regular Season
Acquiring NBA basic player game logs for the 2025-26 Playoffs
Regular season active: FALSE
Regular season complete — switching to playoff schedule...
Unexpected column count (7) for was — skipping
Unexpected column count (7) for utah — skipping
Unexpected column count (7) for sac — skipping
Unexpected column count (7) for no — skipping
Unexpected column count (7) for mil — skipping
Unexpected column count (7) for mia — skipping
Unexpected column count (7) for mem — skipping
Unexpected column count (7) for lac — skipping
Unexpected column count (7) for ind — skipping
Unexpected column count (7) for gsw — skipping
Unexpected column count (7) for dal — skipping
Unexpected column count (7) for chi — skipping
Unexpected column count (7) for cha — skipping
Unexpected column count (7) for bkn — skipping
Playoff schedule loaded — 106 rows
Player opponent lookup:
# A tibble: 106 × 22
   TeamID     SEASON LeagueID player  NICKNAME PLAYER_SLUG NUM   POSITION HEIGHT
   <chr>      <chr>  <chr>    <chr>   <chr>    <chr>       <chr> <chr>    <chr> 
 1 1610612743 2025   00       Christ… Christi… christian-… 0     G        6-6   
 2 1610612743 2025   00       Curtis… Curtis   curtis-jon… 1     G        6-3   
 3 1610612743 2025   00       Julian… Julian   julian-str… 3     G        6-6   
 4 1610612743 2025   00       Tyus J… Tyus     tyus-jones  5     G        6-0   
 5 1610612743 2025   00       Peyton… Peyton   peyton-wat… 8     G        6-8   
 6 1610612743 2025   00       Tim Ha… Tim      tim-hardaw… 10    G-F      6-5   
 7 1610612743 2025   00       Bruce … Bruce    bruce-brown 11    G-F      6-4   
 8 1610612743 2025   00       DaRon … DaRon    daron-holm… 14    F        6-9   
 9 1610612743 2025   00       Nikola… Nikola   nikola-jok… 15    C        6-11  
10 1610612743 2025   00       Jonas … Jonas    jonas-vala… 17    C        6-11  
# ℹ 96 more rows
# ℹ 13 more variables: WEIGHT <chr>, BIRTH_DATE <chr>, AGE <chr>, EXP <chr>,
#   SCHOOL <chr>, PLAYER_ID <chr>, HOW_ACQUIRED <chr>, team_id <chr>,
#   team_abbreviation <chr>, opponent_abbrev <chr>, opponent_name.x <chr>,
#   type_label <chr>, opponent_name.y <chr>
Launching cluster with 10 workers...
The email message was sent successfully.
❌ Pipeline failed after 1.5 minutes.
Error: invalid connection
Error in summary.connection(connection) : invalid connection
Calls: tryCatch -> tryCatchList -> tryCatchOne -> <Anonymous>
In addition: There were 21 warnings (use warnings() to see them)
Execution halted
PropIQ finished at Mon 04/27/2026 21:35:26.27 
PropIQ starting at Mon 04/27/2026 22:01:17.74 
The email message was sent successfully.
Start email sent.

========================================
STEP 1: Running Compiled_daily_run.R...
========================================
── Attaching core tidyverse packages ──────────────────────── tidyverse 2.0.0 ──
✔ dplyr     1.2.0     ✔ readr     2.2.0
✔ forcats   1.0.1     ✔ stringr   1.6.0
✔ ggplot2   4.0.2     ✔ tibble    3.3.1
✔ lubridate 1.9.5     ✔ tidyr     1.3.2
✔ purrr     1.2.1     
── Conflicts ────────────────────────────────────────── tidyverse_conflicts() ──
✖ dplyr::filter() masks stats::filter()
✖ dplyr::lag()    masks stats::lag()
ℹ Use the conflicted package (<http://conflicted.r-lib.org/>) to force all conflicts to become errors

Attaching package: 'rvest'

The following object is masked from 'package:readr':

    guess_encoding

Loading required package: lattice

Attaching package: 'caret'

The following object is masked from 'package:purrr':

    lift


Attaching package: 'gridExtra'

The following object is masked from 'package:dplyr':

    combine

Linking to ImageMagick 6.9.13.29
Enabled features: cairo, freetype, fftw, ghostscript, heic, lcms, pango, raw, rsvg, webp
Disabled features: fontconfig, x11
Registered S3 method overwritten by 'quantmod':
  method            from
  as.zoo.data.frame zoo 
Highcharts (www.highcharts.com) is a Highsoft software product which is
not free for commercial and Governmental use
Registering fonts with R

Attaching package: 'cowplot'

The following object is masked from 'package:ggpubr':

    get_legend

The following object is masked from 'package:lubridate':

    stamp

Registered S3 methods overwritten by 'fmsb':
  method    from
  print.roc pROC
  plot.roc  pROC

Attaching package: 'bslib'

The following object is masked from 'package:broom':

    bootstrap

The following object is masked from 'package:utils':

    page


Attaching package: 'plotly'

The following object is masked from 'package:formattable':

    style

The following object is masked from 'package:ggplot2':

    last_plot

The following object is masked from 'package:blastula':

    add_image

The following object is masked from 'package:stats':

    filter

The following object is masked from 'package:graphics':

    layout

ggbreak v0.1.7 Learn more at https://yulab-smu.top/


If you use ggbreak in published research, please cite the following
paper:

S Xu, M Chen, T Feng, L Zhan, L Zhou, G Yu. Use ggbreak to effectively
utilize plotting space to deal with large datasets and outliers.
Frontiers in Genetics. 2021, 12:774846. doi: 10.3389/fgene.2021.774846

Attaching package: 'hoopR'

The following object is masked from 'package:nbastatR':

    nba_teams


Attaching package: 'crosstalk'

The following object is masked from 'package:shiny':

    getDefaultReactiveDomain


Attaching package: 'httr'

The following object is masked from 'package:plotly':

    config

The following object is masked from 'package:caret':

    progress


Attaching package: 'jsonlite'

The following object is masked from 'package:shiny':

    validate

The following object is masked from 'package:purrr':

    flatten


Attaching package: 'progressr'

The following object is masked from 'package:httr':

    progress

The following object is masked from 'package:caret':

    progress


Attaching package: 'arrow'

The following object is masked from 'package:plotly':

    schema

The following object is masked from 'package:lubridate':

    duration

The following object is masked from 'package:utils':

    timestamp


Attaching package: 'future'

The following object is masked from 'package:caret':

    cluster

Fetching roster for team_id: 1610612737
Fetching roster for team_id: 1610612738
Fetching roster for team_id: 1610612739
Fetching roster for team_id: 1610612740
Fetching roster for team_id: 1610612741
Fetching roster for team_id: 1610612742
Fetching roster for team_id: 1610612743
Fetching roster for team_id: 1610612744
Fetching roster for team_id: 1610612745
Fetching roster for team_id: 1610612746
Fetching roster for team_id: 1610612747
Fetching roster for team_id: 1610612748
Fetching roster for team_id: 1610612749
Fetching roster for team_id: 1610612750
Fetching roster for team_id: 1610612751
Fetching roster for team_id: 1610612752
Fetching roster for team_id: 1610612753
Fetching roster for team_id: 1610612754
Fetching roster for team_id: 1610612755
Fetching roster for team_id: 1610612756
Fetching roster for team_id: 1610612757
Fetching roster for team_id: 1610612758
Fetching roster for team_id: 1610612759
Fetching roster for team_id: 1610612760
Fetching roster for team_id: 1610612761
2026-04-27 22:02:09.004651: Invalid arguments or common team roster data for 2025-26 available!
Failed TEAM_ID=1610612761: object 'df_list' not found
Fetching roster for team_id: 1610612762
Fetching roster for team_id: 1610612763
Fetching roster for team_id: 1610612764
Fetching roster for team_id: 1610612765
Fetching roster for team_id: 1610612766
Acquiring NBA basic team game logs for the 2024-25 Regular Season
Acquiring NBA basic team game logs for the 2024-25 Playoffs
Acquiring NBA basic team game logs for the 2025-26 Regular Season
Acquiring NBA basic team game logs for the 2025-26 Playoffs
Acquiring NBA basic player game logs for the 2024-25 Regular Season
New names:
• `` -> `...1`
• `` -> `...2`
• `` -> `...3`
• `` -> `...4`
• `` -> `...5`
• `` -> `...6`
• `` -> `...7`
Acquiring NBA basic player game logs for the 2024-25 Playoffs
Acquiring NBA basic player game logs for the 2025-26 Regular Season
Acquiring NBA basic player game logs for the 2025-26 Playoffs
Regular season active: FALSE
Regular season complete — switching to playoff schedule...
Unexpected column count (7) for was — skipping
Unexpected column count (7) for utah — skipping
Unexpected column count (7) for sac — skipping
Unexpected column count (7) for no — skipping
Unexpected column count (7) for mil — skipping
Unexpected column count (7) for mia — skipping
Unexpected column count (7) for mem — skipping
Unexpected column count (7) for lac — skipping
Unexpected column count (7) for ind — skipping
Unexpected column count (7) for gsw — skipping
Unexpected column count (7) for dal — skipping
Unexpected column count (7) for chi — skipping
Unexpected column count (7) for cha — skipping
Unexpected column count (7) for bkn — skipping
Playoff schedule loaded — 106 rows
Player opponent lookup:
# A tibble: 106 × 22
   TeamID     SEASON LeagueID player  NICKNAME PLAYER_SLUG NUM   POSITION HEIGHT
   <chr>      <chr>  <chr>    <chr>   <chr>    <chr>       <chr> <chr>    <chr> 
 1 1610612743 2025   00       Christ… Christi… christian-… 0     G        6-6   
 2 1610612743 2025   00       Curtis… Curtis   curtis-jon… 1     G        6-3   
 3 1610612743 2025   00       Julian… Julian   julian-str… 3     G        6-6   
 4 1610612743 2025   00       Tyus J… Tyus     tyus-jones  5     G        6-0   
 5 1610612743 2025   00       Peyton… Peyton   peyton-wat… 8     G        6-8   
 6 1610612743 2025   00       Tim Ha… Tim      tim-hardaw… 10    G-F      6-5   
 7 1610612743 2025   00       Bruce … Bruce    bruce-brown 11    G-F      6-4   
 8 1610612743 2025   00       DaRon … DaRon    daron-holm… 14    F        6-9   
 9 1610612743 2025   00       Nikola… Nikola   nikola-jok… 15    C        6-11  
10 1610612743 2025   00       Jonas … Jonas    jonas-vala… 17    C        6-11  
# ℹ 96 more rows
# ℹ 13 more variables: WEIGHT <chr>, BIRTH_DATE <chr>, AGE <chr>, EXP <chr>,
#   SCHOOL <chr>, PLAYER_ID <chr>, HOW_ACQUIRED <chr>, team_id <chr>,
#   team_abbreviation <chr>, opponent_abbrev <chr>, opponent_name.x <chr>,
#   type_label <chr>, opponent_name.y <chr>
Launching cluster with 10 workers...
The email message was sent successfully.
❌ Pipeline failed after 1.5 minutes.
Error: invalid connection
Error in summary.connection(connection) : invalid connection
Calls: tryCatch -> tryCatchList -> tryCatchOne -> <Anonymous>
In addition: There were 21 warnings (use warnings() to see them)
Execution halted
PropIQ finished at Mon 04/27/2026 22:02:57.02 
PropIQ starting at Mon 04/27/2026 22:56:14.63 
The email message was sent successfully.
Start email sent.

========================================
STEP 1: Running Compiled_daily_run.R...
========================================
── Attaching core tidyverse packages ──────────────────────── tidyverse 2.0.0 ──
✔ dplyr     1.2.0     ✔ readr     2.2.0
✔ forcats   1.0.1     ✔ stringr   1.6.0
✔ ggplot2   4.0.2     ✔ tibble    3.3.1
✔ lubridate 1.9.5     ✔ tidyr     1.3.2
✔ purrr     1.2.1     
── Conflicts ────────────────────────────────────────── tidyverse_conflicts() ──
✖ dplyr::filter() masks stats::filter()
✖ dplyr::lag()    masks stats::lag()
ℹ Use the conflicted package (<http://conflicted.r-lib.org/>) to force all conflicts to become errors

Attaching package: 'rvest'

The following object is masked from 'package:readr':

    guess_encoding

Loading required package: lattice

Attaching package: 'caret'

The following object is masked from 'package:purrr':

    lift


Attaching package: 'gridExtra'

The following object is masked from 'package:dplyr':

    combine

Linking to ImageMagick 6.9.13.29
Enabled features: cairo, freetype, fftw, ghostscript, heic, lcms, pango, raw, rsvg, webp
Disabled features: fontconfig, x11
Registered S3 method overwritten by 'quantmod':
  method            from
  as.zoo.data.frame zoo 
Registering fonts with R

Attaching package: 'cowplot'

The following object is masked from 'package:ggpubr':

    get_legend

The following object is masked from 'package:lubridate':

    stamp

Registered S3 methods overwritten by 'fmsb':
  method    from
  print.roc pROC
  plot.roc  pROC

Attaching package: 'bslib'

The following object is masked from 'package:broom':

    bootstrap

The following object is masked from 'package:utils':

    page


Attaching package: 'plotly'

The following object is masked from 'package:formattable':

    style

The following object is masked from 'package:ggplot2':

    last_plot

The following object is masked from 'package:blastula':

    add_image

The following object is masked from 'package:stats':

    filter

The following object is masked from 'package:graphics':

    layout

ggbreak v0.1.7 Learn more at https://yulab-smu.top/


If you use ggbreak in published research, please cite the following
paper:

S Xu, M Chen, T Feng, L Zhan, L Zhou, G Yu. Use ggbreak to effectively
utilize plotting space to deal with large datasets and outliers.
Frontiers in Genetics. 2021, 12:774846. doi: 10.3389/fgene.2021.774846

Attaching package: 'hoopR'

The following object is masked from 'package:nbastatR':

    nba_teams


Attaching package: 'crosstalk'

The following object is masked from 'package:shiny':

    getDefaultReactiveDomain


Attaching package: 'httr'

The following object is masked from 'package:plotly':

    config

The following object is masked from 'package:caret':

    progress


Attaching package: 'jsonlite'

The following object is masked from 'package:shiny':

    validate

The following object is masked from 'package:purrr':

    flatten


Attaching package: 'progressr'

The following object is masked from 'package:httr':

    progress

The following object is masked from 'package:caret':

    progress


Attaching package: 'arrow'

The following object is masked from 'package:plotly':

    schema

The following object is masked from 'package:lubridate':

    duration

The following object is masked from 'package:utils':

    timestamp


Attaching package: 'future'

The following object is masked from 'package:caret':

    cluster

Fetching roster for team_id: 1610612737
Fetching roster for team_id: 1610612738
Fetching roster for team_id: 1610612739
Fetching roster for team_id: 1610612740
Fetching roster for team_id: 1610612741
Fetching roster for team_id: 1610612742
Fetching roster for team_id: 1610612743
Fetching roster for team_id: 1610612744
Fetching roster for team_id: 1610612745
Fetching roster for team_id: 1610612746
Fetching roster for team_id: 1610612747
Fetching roster for team_id: 1610612748
Fetching roster for team_id: 1610612749
Fetching roster for team_id: 1610612750
Fetching roster for team_id: 1610612751
Fetching roster for team_id: 1610612752
Fetching roster for team_id: 1610612753
Fetching roster for team_id: 1610612754
Fetching roster for team_id: 1610612755
Fetching roster for team_id: 1610612756
Fetching roster for team_id: 1610612757
Fetching roster for team_id: 1610612758
Fetching roster for team_id: 1610612759
Fetching roster for team_id: 1610612760
Fetching roster for team_id: 1610612761
Fetching roster for team_id: 1610612762
Fetching roster for team_id: 1610612763
Fetching roster for team_id: 1610612764
Fetching roster for team_id: 1610612765
Fetching roster for team_id: 1610612766
Acquiring NBA basic team game logs for the 2024-25 Regular Season
Acquiring NBA basic team game logs for the 2024-25 Playoffs
Acquiring NBA basic team game logs for the 2025-26 Regular Season
Acquiring NBA basic team game logs for the 2025-26 Playoffs
Acquiring NBA basic player game logs for the 2024-25 Regular Season
New names:
• `` -> `...1`
• `` -> `...2`
• `` -> `...3`
• `` -> `...4`
• `` -> `...5`
• `` -> `...6`
• `` -> `...7`
Acquiring NBA basic player game logs for the 2024-25 Playoffs
Acquiring NBA basic player game logs for the 2025-26 Regular Season
Acquiring NBA basic player game logs for the 2025-26 Playoffs
Regular season active: FALSE
Regular season complete — switching to playoff schedule...
Unexpected column count (7) for was — skipping
Unexpected column count (7) for utah — skipping
Unexpected column count (7) for sac — skipping
Unexpected column count (7) for no — skipping
Unexpected column count (7) for mil — skipping
Unexpected column count (7) for mia — skipping
Unexpected column count (7) for mem — skipping
Unexpected column count (7) for lac — skipping
Unexpected column count (7) for ind — skipping
Unexpected column count (7) for gsw — skipping
Unexpected column count (7) for dal — skipping
Unexpected column count (7) for chi — skipping
Unexpected column count (7) for cha — skipping
Unexpected column count (7) for bkn — skipping
Playoff schedule loaded — 106 rows
Player opponent lookup:
# A tibble: 105 × 22
   TeamID     SEASON LeagueID player  NICKNAME PLAYER_SLUG NUM   POSITION HEIGHT
   <chr>      <chr>  <chr>    <chr>   <chr>    <chr>       <chr> <chr>    <chr> 
 1 1610612737 2025   00       Keshon… Keshon   keshon-gil… <NA>  G        6-4   
 2 1610612737 2025   00       RayJ D… RayJ     rayj-dennis 00    G        6-1   
 3 1610612737 2025   00       Jonath… Jonathan jonathan-k… 0     F        6-7   
 4 1610612737 2025   00       Jalen … Jalen    jalen-john… 1     F        6-8   
 5 1610612737 2025   00       Keaton… Keaton   keaton-wal… 2     G        6-3   
 6 1610612737 2025   00       CJ McC… CJ       cj-mccollum 3     G        6-3   
 7 1610612737 2025   00       Gabe V… Gabe     gabe-vince… 4     G        6-2   
 8 1610612737 2025   00       Dyson … Dyson    dyson-dani… 5     G        6-7   
 9 1610612737 2025   00       Nickei… Nickeil  nickeil-al… 7     G        6-5   
10 1610612737 2025   00       Buddy … Buddy    buddy-hield 8     G        6-4   
# ℹ 95 more rows
# ℹ 13 more variables: WEIGHT <chr>, BIRTH_DATE <chr>, AGE <chr>, EXP <chr>,
#   SCHOOL <chr>, PLAYER_ID <chr>, HOW_ACQUIRED <chr>, team_id <chr>,
#   team_abbreviation <chr>, opponent_abbrev <chr>, opponent_name.x <chr>,
#   type_label <chr>, opponent_name.y <chr>
Launching cluster with 10 workers...
starting worker pid=22896 on localhost:11873 at 22:57:59.875
starting worker pid=24372 on localhost:11873 at 22:57:59.875
starting worker pid=8564 on localhost:11873 at 22:57:59.875
starting worker pid=37900 on localhost:11873 at 22:57:59.875
starting worker pid=39636 on localhost:11873 at 22:57:59.875
starting worker pid=13188 on localhost:11873 at 22:57:59.875
starting worker pid=33392 on localhost:11873 at 22:57:59.875
starting worker pid=12712 on localhost:11873 at 22:57:59.895
starting worker pid=21220 on localhost:11873 at 22:57:59.895
starting worker pid=29992 on localhost:11873 at 22:57:59.910
The email message was sent successfully.
❌ Pipeline failed after 1.7 minutes.
Error: invalid connection
Error in summary.connection(connection) : invalid connection
Calls: tryCatch -> tryCatchList -> tryCatchOne -> <Anonymous>
In addition: There were 21 warnings (use warnings() to see them)
Execution halted
PropIQ finished at Mon 04/27/2026 22:58:01.13 
PropIQ starting at Tue 04/28/2026  3:06:23.67 
The email message was sent successfully.
Start email sent.

========================================
STEP 1: Running Compiled_daily_run.R...
========================================
── Attaching core tidyverse packages ──────────────────────── tidyverse 2.0.0 ──
✔ dplyr     1.2.0     ✔ readr     2.2.0
✔ forcats   1.0.1     ✔ stringr   1.6.0
✔ ggplot2   4.0.2     ✔ tibble    3.3.1
✔ lubridate 1.9.5     ✔ tidyr     1.3.2
✔ purrr     1.2.1     
── Conflicts ────────────────────────────────────────── tidyverse_conflicts() ──
✖ dplyr::filter() masks stats::filter()
✖ dplyr::lag()    masks stats::lag()
ℹ Use the conflicted package (<http://conflicted.r-lib.org/>) to force all conflicts to become errors

Attaching package: 'rvest'

The following object is masked from 'package:readr':

    guess_encoding

Loading required package: lattice

Attaching package: 'caret'

The following object is masked from 'package:purrr':

    lift


Attaching package: 'gridExtra'

The following object is masked from 'package:dplyr':

    combine

Linking to ImageMagick 6.9.13.29
Enabled features: cairo, freetype, fftw, ghostscript, heic, lcms, pango, raw, rsvg, webp
Disabled features: fontconfig, x11
Registered S3 method overwritten by 'quantmod':
  method            from
  as.zoo.data.frame zoo 
Registering fonts with R

Attaching package: 'cowplot'

The following object is masked from 'package:ggpubr':

    get_legend

The following object is masked from 'package:lubridate':

    stamp

Registered S3 methods overwritten by 'fmsb':
  method    from
  print.roc pROC
  plot.roc  pROC

Attaching package: 'bslib'

The following object is masked from 'package:broom':

    bootstrap

The following object is masked from 'package:utils':

    page


Attaching package: 'plotly'

The following object is masked from 'package:formattable':

    style

The following object is masked from 'package:ggplot2':

    last_plot

The following object is masked from 'package:blastula':

    add_image

The following object is masked from 'package:stats':

    filter

The following object is masked from 'package:graphics':

    layout

ggbreak v0.1.7 Learn more at https://yulab-smu.top/


If you use ggbreak in published research, please cite the following
paper:

S Xu, M Chen, T Feng, L Zhan, L Zhou, G Yu. Use ggbreak to effectively
utilize plotting space to deal with large datasets and outliers.
Frontiers in Genetics. 2021, 12:774846. doi: 10.3389/fgene.2021.774846

Attaching package: 'hoopR'

The following object is masked from 'package:nbastatR':

    nba_teams


Attaching package: 'crosstalk'

The following object is masked from 'package:shiny':

    getDefaultReactiveDomain


Attaching package: 'httr'

The following object is masked from 'package:plotly':

    config

The following object is masked from 'package:caret':

    progress


Attaching package: 'jsonlite'

The following object is masked from 'package:shiny':

    validate

The following object is masked from 'package:purrr':

    flatten


Attaching package: 'progressr'

The following object is masked from 'package:httr':

    progress

The following object is masked from 'package:caret':

    progress


Attaching package: 'arrow'

The following object is masked from 'package:plotly':

    schema

The following object is masked from 'package:lubridate':

    duration

The following object is masked from 'package:utils':

    timestamp


Attaching package: 'future'

The following object is masked from 'package:caret':

    cluster

Fetching roster for team_id: 1610612737
Fetching roster for team_id: 1610612738
Fetching roster for team_id: 1610612739
Fetching roster for team_id: 1610612740
Fetching roster for team_id: 1610612741
Fetching roster for team_id: 1610612742
Fetching roster for team_id: 1610612743
Fetching roster for team_id: 1610612744
Fetching roster for team_id: 1610612745
Fetching roster for team_id: 1610612746
Fetching roster for team_id: 1610612747
Fetching roster for team_id: 1610612748
Fetching roster for team_id: 1610612749
Fetching roster for team_id: 1610612750
Fetching roster for team_id: 1610612751
Fetching roster for team_id: 1610612752
Fetching roster for team_id: 1610612753
Fetching roster for team_id: 1610612754
Fetching roster for team_id: 1610612755
Fetching roster for team_id: 1610612756
Fetching roster for team_id: 1610612757
Fetching roster for team_id: 1610612758
Fetching roster for team_id: 1610612759
Fetching roster for team_id: 1610612760
Fetching roster for team_id: 1610612761
Fetching roster for team_id: 1610612762
Fetching roster for team_id: 1610612763
Fetching roster for team_id: 1610612764
Fetching roster for team_id: 1610612765
Fetching roster for team_id: 1610612766
Acquiring NBA basic team game logs for the 2024-25 Regular Season
Acquiring NBA basic team game logs for the 2024-25 Playoffs
Acquiring NBA basic team game logs for the 2025-26 Regular Season
Acquiring NBA basic team game logs for the 2025-26 Playoffs
Acquiring NBA basic player game logs for the 2024-25 Regular Season
New names:
• `` -> `...1`
• `` -> `...2`
• `` -> `...3`
• `` -> `...4`
• `` -> `...5`
• `` -> `...6`
• `` -> `...7`
Acquiring NBA basic player game logs for the 2024-25 Playoffs
Acquiring NBA basic player game logs for the 2025-26 Regular Season
Acquiring NBA basic player game logs for the 2025-26 Playoffs
Regular season active: FALSE
Regular season complete — switching to playoff schedule...
Unexpected column count (7) for was — skipping
Unexpected column count (7) for utah — skipping
Unexpected column count (7) for sac — skipping
Unexpected column count (7) for no — skipping
Unexpected column count (7) for mil — skipping
Unexpected column count (7) for mia — skipping
Unexpected column count (7) for mem — skipping
Unexpected column count (7) for lac — skipping
Unexpected column count (7) for ind — skipping
Unexpected column count (7) for gsw — skipping
Unexpected column count (7) for dal — skipping
Unexpected column count (7) for chi — skipping
Unexpected column count (7) for cha — skipping
Unexpected column count (7) for bkn — skipping
Playoff schedule loaded — 106 rows
Player opponent lookup:
# A tibble: 105 × 22
   TeamID     SEASON LeagueID player  NICKNAME PLAYER_SLUG NUM   POSITION HEIGHT
   <chr>      <chr>  <chr>    <chr>   <chr>    <chr>       <chr> <chr>    <chr> 
 1 1610612737 2025   00       Keshon… Keshon   keshon-gil… <NA>  G        6-4   
 2 1610612737 2025   00       RayJ D… RayJ     rayj-dennis 00    G        6-1   
 3 1610612737 2025   00       Jonath… Jonathan jonathan-k… 0     F        6-7   
 4 1610612737 2025   00       Jalen … Jalen    jalen-john… 1     F        6-8   
 5 1610612737 2025   00       Keaton… Keaton   keaton-wal… 2     G        6-3   
 6 1610612737 2025   00       CJ McC… CJ       cj-mccollum 3     G        6-3   
 7 1610612737 2025   00       Gabe V… Gabe     gabe-vince… 4     G        6-2   
 8 1610612737 2025   00       Dyson … Dyson    dyson-dani… 5     G        6-7   
 9 1610612737 2025   00       Nickei… Nickeil  nickeil-al… 7     G        6-5   
10 1610612737 2025   00       Buddy … Buddy    buddy-hield 8     G        6-4   
# ℹ 95 more rows
# ℹ 13 more variables: WEIGHT <chr>, BIRTH_DATE <chr>, AGE <chr>, EXP <chr>,
#   SCHOOL <chr>, PLAYER_ID <chr>, HOW_ACQUIRED <chr>, team_id <chr>,
#   team_abbreviation <chr>, opponent_abbrev <chr>, opponent_name.x <chr>,
#   type_label <chr>, opponent_name.y <chr>
Launching cluster with 10 workers...
starting worker pid=30668 on localhost:11351 at 03:08:07.947
starting worker pid=4512 on localhost:11351 at 03:08:07.947
starting worker pid=39764 on localhost:11351 at 03:08:07.947
starting worker pid=23556 on localhost:11351 at 03:08:07.947
starting worker pid=9420 on localhost:11351 at 03:08:07.948
starting worker pid=35724 on localhost:11351 at 03:08:07.955
starting worker pid=18256 on localhost:11351 at 03:08:07.959
starting worker pid=15472 on localhost:11351 at 03:08:07.979
starting worker pid=31412 on localhost:11351 at 03:08:07.982
starting worker pid=7852 on localhost:11351 at 03:08:07.984
The email message was sent successfully.
❌ Pipeline failed after 1.6 minutes.
Error: invalid connection
Error in summary.connection(connection) : invalid connection
Calls: tryCatch -> tryCatchList -> tryCatchOne -> <Anonymous>
In addition: There were 21 warnings (use warnings() to see them)
Execution halted
PropIQ finished at Tue 04/28/2026  3:08:09.73 
