INFO [2026-04-27 21:22:54] === NBA PBP Pipeline START | Season 2026 | Workers 3 ===
INFO [2026-04-27 21:22:54] Fetching schedule for season 2026...
INFO [2026-04-27 21:22:56] Found 1271 completed games in schedule
INFO [2026-04-27 21:22:56] 8 games to fetch | 1263 already cached
INFO [2026-04-27 21:22:56] Starting parallel fetch for 8 games | 3 workers...
INFO [2026-04-27 21:23:09] Fetch complete | success=8 | failed=0
INFO [2026-04-27 21:23:10] === Pipeline DONE ===
INFO [2026-04-27 21:33:52] === NBA PBP Pipeline START | Season 2026 | Workers 3 ===
INFO [2026-04-27 21:33:52] Fetching schedule for season 2026...
INFO [2026-04-27 21:33:53] Found 1271 completed games in schedule
INFO [2026-04-27 21:33:53] 8 games to fetch | 1263 already cached
INFO [2026-04-27 21:33:53] Starting parallel fetch for 8 games | 3 workers...
INFO [2026-04-27 21:34:07] Fetch complete | success=8 | failed=0
INFO [2026-04-27 21:34:07] === Pipeline DONE ===
INFO [2026-04-27 21:37:31] === NBA PBP Pipeline START | Season 2026 | Workers 3 ===
INFO [2026-04-27 21:37:31] Fetching schedule for season 2026...
INFO [2026-04-27 21:37:33] Found 1271 completed games in schedule
INFO [2026-04-27 21:37:33] 8 games to fetch | 1263 already cached
INFO [2026-04-27 21:37:33] Starting parallel fetch for 8 games | 3 workers...
INFO [2026-04-27 21:37:47] Fetch complete | success=8 | failed=0
INFO [2026-04-27 21:37:48] === Pipeline DONE ===
INFO [2026-04-27 22:01:23] === NBA PBP Pipeline START | Season 2026 | Workers 3 ===
INFO [2026-04-27 22:01:23] Fetching schedule for season 2026...
INFO [2026-04-27 22:01:24] Found 1271 completed games in schedule
INFO [2026-04-27 22:01:24] 8 games to fetch | 1263 already cached
INFO [2026-04-27 22:01:24] Starting parallel fetch for 8 games | 3 workers...
INFO [2026-04-27 22:01:38] Fetch complete | success=8 | failed=0
INFO [2026-04-27 22:01:39] === Pipeline DONE ===
INFO [2026-04-27 22:56:20] === NBA PBP Pipeline START | Season 2026 | Workers 3 ===
INFO [2026-04-27 22:56:20] Fetching schedule for season 2026...
INFO [2026-04-27 22:56:21] Found 1271 completed games in schedule
INFO [2026-04-27 22:56:21] 8 games to fetch | 1263 already cached
INFO [2026-04-27 22:56:21] Starting parallel fetch for 8 games | 3 workers...
INFO [2026-04-27 22:56:35] Fetch complete | success=8 | failed=0
INFO [2026-04-27 22:56:35] === Pipeline DONE ===
