INFO [2026-04-18 08:49:10] === NBA PBP Pipeline START | Season 2026 | Workers 3 ===
INFO [2026-04-18 08:49:10] Fetching schedule for season 2026...
INFO [2026-04-18 08:49:21] Found 1241 completed games in schedule
INFO [2026-04-18 08:49:21] 2 games to fetch | 1239 already cached
INFO [2026-04-18 08:49:21] Starting parallel fetch for 2 games | 3 workers...
INFO [2026-04-18 08:49:27] Fetch complete | success=2 | failed=0
INFO [2026-04-18 08:49:30] === Pipeline DONE ===
INFO [2026-04-18 08:50:08] Fetching schedule for season 2026...
INFO [2026-04-18 08:50:09] Found 1241 completed games in schedule
INFO [2026-04-18 08:50:09] 2 games to fetch | 1239 already cached
INFO [2026-04-18 08:50:09] Starting parallel fetch for 2 games | 3 workers...
INFO [2026-04-18 08:50:15] Fetch complete | success=2 | failed=0
INFO [2026-04-18 08:50:15] === Pipeline DONE ===
INFO [2026-04-18 09:45:40] === NBA PBP Pipeline START | Season 2026 | Workers 3 ===
INFO [2026-04-18 09:45:40] Fetching schedule for season 2026...
INFO [2026-04-18 09:46:53] === NBA PBP Pipeline START | Season 2026 | Workers 3 ===
INFO [2026-04-18 09:46:53] Fetching schedule for season 2026...
INFO [2026-04-18 09:49:36] === NBA PBP Pipeline START | Season 2026 | Workers 3 ===
INFO [2026-04-18 09:49:36] Fetching schedule for season 2026...
INFO [2026-04-18 09:49:37] Found 1241 completed games in schedule
INFO [2026-04-18 09:49:37] 2 games to fetch | 1239 already cached
INFO [2026-04-18 09:49:37] Starting parallel fetch for 2 games | 3 workers...
INFO [2026-04-18 09:49:43] Fetch complete | success=2 | failed=0
INFO [2026-04-18 09:49:46] === Pipeline DONE ===
INFO [2026-04-18 09:51:52] === NBA PBP Pipeline START | Season 2026 | Workers 3 ===
INFO [2026-04-18 09:51:52] Fetching schedule for season 2026...
INFO [2026-04-18 09:51:53] Found 1241 completed games in schedule
INFO [2026-04-18 09:51:53] 2 games to fetch | 1239 already cached
INFO [2026-04-18 09:51:53] Starting parallel fetch for 2 games | 3 workers...
INFO [2026-04-18 09:51:58] Fetch complete | success=2 | failed=0
INFO [2026-04-18 09:51:59] === Pipeline DONE ===
